2026-06-24 23:57:50 Loading main app package /squashfs-root/resources/obsidian.asar
2026-06-24 23:57:50 Checking for update using Github
2026-06-24 23:57:50 Success.
2026-06-24 23:57:50 Latest version is 1.12.7
2026-06-24 23:57:50 Downloading update from https://github.com/obsidianmd/obsidian-releases/releases/download/v1.12.7/obsidian-1.12.7.asar.gz
2026-06-24 23:57:50 Verifying hash & signature. Size= 8323080
2026-06-24 23:57:50 Saving file
2026-06-24 23:57:51 Update complete.
2026-06-25 00:20:44 Loading updated app package /config/.config/obsidian/obsidian-1.12.7.asar
2026-06-25 00:20:45 Checking for update using Github
2026-06-25 00:20:45 Success.
2026-06-25 00:20:45 Latest version is 1.12.7
2026-06-25 00:20:45 App is up to date.
2026-06-25 01:20:45 Checking for update using Github
2026-06-25 01:20:45 Success.
2026-06-25 01:20:45 Latest version is 1.12.7
2026-06-25 01:20:45 App is up to date.
2026-06-25 01:21:46 Loading updated app package /config/.config/obsidian/obsidian-1.12.7.asar
2026-06-25 01:21:46 Checking for update using Github
2026-06-25 01:21:46 Success.
2026-06-25 01:21:46 Latest version is 1.12.7
2026-06-25 01:21:46 App is up to date.
2026-06-25 01:25:24 Loading updated app package /config/.config/obsidian/obsidian-1.12.7.asar
2026-06-25 01:25:24 Checking for update using Github
2026-06-25 01:25:24 Success.
2026-06-25 01:25:24 Latest version is 1.12.7
2026-06-25 01:25:24 App is up to date.
2026-06-25 01:29:06 Loading updated app package /config/.config/obsidian/obsidian-1.12.7.asar
2026-06-25 01:29:07 Checking for update using Github
2026-06-25 01:29:07 Success.
2026-06-25 01:29:07 Latest version is 1.12.7
2026-06-25 01:29:07 App is up to date.
2026-06-25 01:31:32 Loading updated app package /config/.config/obsidian/obsidian-1.12.7.asar
2026-06-25 01:31:32 Checking for update using Github
2026-06-25 01:31:32 Success.
2026-06-25 01:31:32 Latest version is 1.12.7
2026-06-25 01:31:32 App is up to date.
